[debug] [2018-10-01T15:29:46.801Z] ----------------------------------------------------------------------
[debug] [2018-10-01T15:29:46.805Z] Command:       /home/nahytar/.nvm/versions/node/v10.10.0/bin/node /home/nahytar/.nvm/versions/node/v10.10.0/bin/firebase deploy
[debug] [2018-10-01T15:29:46.805Z] CLI Version:   4.2.1
[debug] [2018-10-01T15:29:46.805Z] Platform:      linux
[debug] [2018-10-01T15:29:46.805Z] Node Version:  v10.10.0
[debug] [2018-10-01T15:29:46.806Z] Time:          Mon Oct 01 2018 12:29:46 GMT-0300 (GMT-03:00)
[debug] [2018-10-01T15:29:46.806Z] ----------------------------------------------------------------------
[debug] 
[debug] [2018-10-01T15:29:46.818Z] > command requires scopes: ["email","openid","https://www.googleapis.com/auth/cloudplatformprojects.readonly","https://www.googleapis.com/auth/firebase","https://www.googleapis.com/auth/cloud-platform"]
[debug] [2018-10-01T15:29:46.819Z] > authorizing via signed-in user
[debug] [2018-10-01T15:29:46.821Z] >>> HTTP REQUEST GET https://admin.firebase.com/v1/projects/super-women-app  
 
[debug] [2018-10-01T15:29:48.758Z] <<< HTTP RESPONSE 200
[info] 
[info] === Deploying to 'super-women-app'...
[info] 
[info] i  deploying database, storage, firestore, hosting
[info] i  database: checking rules syntax...
[debug] [2018-10-01T15:29:48.763Z] >>> HTTP REQUEST PUT https://super-women-app.firebaseio.com/.settings/rules.json?dryRun=true  
 {
  /* Visit https://firebase.google.com/docs/database/security to learn more about security rules. */
  "rules": {
    ".read": false,
    ".write": false
  }
}
[debug] [2018-10-01T15:29:50.055Z] <<< HTTP RESPONSE 200
[info] ✔  database: rules syntax for database super-women-app is valid
[debug] [2018-10-01T15:29:50.059Z] >>> HTTP REQUEST GET https://appengine.googleapis.com/v1/apps/super-women-app  
 
[debug] [2018-10-01T15:29:51.422Z] <<< HTTP RESPONSE 200
[info] i  storage: checking storage.rules for compilation errors...
[debug] [2018-10-01T15:29:51.427Z] >>> HTTP REQUEST POST https://firebaserules.googleapis.com/v1/projects/super-women-app:test  

[debug] [2018-10-01T15:29:53.034Z] <<< HTTP RESPONSE 200
[info] ✔  storage: rules file storage.rules compiled successfully
[info] i  firestore: checking firestore.rules for compilation errors...
[debug] [2018-10-01T15:29:53.039Z] >>> HTTP REQUEST POST https://firebaserules.googleapis.com/v1/projects/super-women-app:test  

[debug] [2018-10-01T15:29:57.312Z] <<< HTTP RESPONSE 200
[info] ✔  firestore: rules file firestore.rules compiled successfully
[debug] [2018-10-01T15:29:57.314Z] >>> HTTP REQUEST POST https://firebasehosting.googleapis.com/v1beta1/sites/super-women-app/versions  

[debug] [2018-10-01T15:30:01.419Z] <<< HTTP RESPONSE 200
[info] i  storage: uploading rules storage.rules...
[debug] [2018-10-01T15:30:01.422Z] >>> HTTP REQUEST POST https://firebaserules.googleapis.com/v1/projects/super-women-app/rulesets  

[debug] [2018-10-01T15:30:18.533Z] Error: socket hang up
    at createHangUpError (_http_client.js:322:15)
    at TLSSocket.socketOnEnd (_http_client.js:425:23)
    at TLSSocket.emit (events.js:187:15)
    at TLSSocket.EventEmitter.emit (domain.js:442:20)
    at endReadableNT (_stream_readable.js:1092:12)
    at process._tickCallback (internal/process/next_tick.js:63:19)
[error] 
[error] Error: Server Error. socket hang up
